[I 190323 22:38:21 cli:26] *****初始化环境*****
[I 190323 22:38:42 cli:26] *****初始化环境*****
[I 190323 22:39:13 cli:26] *****初始化环境*****
[I 190323 22:39:13 cli:34] *****开始测试*****
[I 190323 22:39:16 common:15] 打开浏览器
[I 190323 22:57:49 cli:28] *****初始化环境*****
[I 190323 22:59:03 cli:28] *****初始化环境*****
[I 190323 22:59:28 cli:28] *****初始化环境*****
[I 190323 23:00:39 cli:28] *****初始化环境*****
[I 190323 23:01:15 cli:28] *****初始化环境*****
[I 190323 23:01:15 cli:36] *****开始测试*****
[I 190323 23:01:18 common:15] 打开浏览器
[I 190323 23:01:32 cli:28] *****初始化环境*****
[I 190323 23:01:33 cli:36] *****开始测试*****
[I 190323 23:01:35 common:15] 打开浏览器
[I 190323 23:01:44 common:15] 关闭浏览器
[I 190323 23:01:47 common:15] 打开浏览器
[I 190323 23:01:57 common:15] 关闭浏览器
[I 190323 23:01:57 cli:81] *****结束全部测试*****
[I 190324 10:18:34 cli:30] *****初始化环境*****
[I 190324 10:18:34 cli:38] *****开始测试*****
[I 190324 10:18:34 cli:83] *****结束全部测试*****
[I 190324 10:21:25 cli:30] *****初始化环境*****
[I 190324 10:21:25 cli:38] *****开始测试*****
[I 190324 10:21:28 common:15] 打开浏览器
[I 190324 10:21:31 common:15] 关闭浏览器
[I 190324 10:21:31 cli:83] *****结束全部测试*****
[I 190324 10:24:45 cli:30] *****初始化环境*****
[I 190324 10:24:45 cli:38] *****开始测试*****
[I 190324 10:24:48 common:15] 打开浏览器
[E 190324 10:24:56 location:104] 显示等待元素超时:('id', 'kw1')
[I 190324 10:24:56 cli:83] *****结束全部测试*****
[I 190324 10:26:09 cli:30] *****初始化环境*****
[I 190324 10:26:09 cli:38] *****开始测试*****
[I 190324 10:26:11 common:15] 打开浏览器
[E 190324 10:26:19 location:104] 显示等待元素超时:('id', 'kw1')
[I 190324 10:26:19 cli:83] *****结束全部测试*****
[I 190324 14:00:55 cli:30] *****初始化环境*****
[I 190324 14:00:55 cli:38] *****开始测试*****
[I 190324 14:00:58 common:15] 打开浏览器
[E 190324 14:01:06 location:104] 显示等待元素超时:('id', 'kw1')
[I 190324 14:01:06 cli:83] *****结束全部测试*****
[I 190324 14:05:37 cli:30] *****初始化环境*****
[I 190324 14:05:37 cli:38] *****开始测试*****
[I 190324 14:05:38 cli:83] *****结束全部测试*****
[I 190324 14:05:50 cli:30] *****初始化环境*****
[I 190324 14:05:50 cli:38] *****开始测试*****
[I 190324 14:05:52 common:15] 打开浏览器
[E 190324 14:06:00 location:104] 显示等待元素超时:('id', 'kw1')
[I 190324 14:06:00 cli:83] *****结束全部测试*****
[I 190324 14:07:00 HTMLTestRunner_cn:11] ******:None
[I 190324 14:07:00 cli:30] *****初始化环境*****
[I 190324 14:07:00 cli:38] *****开始测试*****
[I 190324 14:07:02 common:15] 打开浏览器
[E 190324 14:07:10 location:104] 显示等待元素超时:('id', 'kw1')
[I 190324 14:07:10 HTMLTestRunner_cn:851] ******:None
[I 190324 14:07:10 cli:83] *****结束全部测试*****
[I 190324 14:19:06 cli:30] *****初始化环境*****
[I 190324 14:19:06 cli:38] *****开始测试*****
[I 190324 14:19:08 common:19] 打开浏览器
[E 190324 14:19:16 location:104] 显示等待元素超时:('id', 'kw1')
[I 190324 14:19:17 cli:83] *****结束全部测试*****
